\BOOKMARK [0][]{chapter*.3}{List of Tables}{}% 1
\BOOKMARK [0][]{chapter*.4}{List of Figures}{}% 2
\BOOKMARK [0][]{chapter.1}{Introduzione}{}% 3
\BOOKMARK [1][]{section.1.1}{Ambito del lavoro}{chapter.1}% 4
\BOOKMARK [1][]{section.1.2}{Obiettivi del lavoro}{chapter.1}% 5
\BOOKMARK [1][]{section.1.3}{Segnali elettrici del sistema nervoso}{chapter.1}% 6
\BOOKMARK [1][]{section.1.4}{Fisiologia neuronale}{chapter.1}% 7
\BOOKMARK [1][]{section.1.5}{Potenziale d'azione. L'equazione di Hodgkin-Huxley }{chapter.1}% 8
\BOOKMARK [1][]{section.1.6}{La tecnologia di rilevazione CMOS-MEA}{chapter.1}% 9
\BOOKMARK [1][]{section.1.7}{L'algoritmo di spike sorting nell'esperimento Neuro Chip}{chapter.1}% 10
\BOOKMARK [0][]{chapter.2}{Costruzione di un filtro per segnali a tempo discreto}{}% 11
\BOOKMARK [1][]{section.2.1}{Rappresentazione convoluzionale}{chapter.2}% 12
\BOOKMARK [1][]{section.2.2}{Funzione di risposta agli impulsi. Trasformata z}{chapter.2}% 13
\BOOKMARK [1][]{section.2.3}{Analisi spettrale di un segnale}{chapter.2}% 14
\BOOKMARK [2][]{subsection.2.3.1}{Campionamento di segnali continui}{section.2.3}% 15
\BOOKMARK [2][]{subsection.2.3.2}{Trasformata di Fourier discreta}{section.2.3}% 16
\BOOKMARK [2][]{subsection.2.3.3}{Windowing}{section.2.3}% 17
\BOOKMARK [1][]{section.2.4}{Disegno di un filtro in frequenza}{chapter.2}% 18
\BOOKMARK [1][]{section.2.5}{Implementazione di un filtro}{chapter.2}% 19
\BOOKMARK [1][]{section.2.6}{Termini stocastici. Rumore}{chapter.2}% 20
\BOOKMARK [2][]{subsection.2.6.1}{Correlogramma e Periodogramma}{section.2.6}% 21
\BOOKMARK [2][]{subsection.2.6.2}{Stima della densit\340 spettrale di potenza}{section.2.6}% 22
\BOOKMARK [0][]{chapter.3}{Implemetazione matlab}{}% 23
\BOOKMARK [1][]{section.3.1}{Spettro di un segnale di prova sinusoidale}{chapter.3}% 24
\BOOKMARK [1][]{section.3.2}{Risoluzione spettrale}{chapter.3}% 25
\BOOKMARK [1][]{section.3.3}{Funzione di trasferimento del filtro}{chapter.3}% 26
\BOOKMARK [1][]{section.3.4}{Filtro dei dati}{chapter.3}% 27
\BOOKMARK [1][]{section.3.5}{Effetto del rumore}{chapter.3}% 28
\BOOKMARK [1][]{section.3.6}{Effetto della PCA}{chapter.3}% 29
\BOOKMARK [2][]{subsection.3.6.1}{Elevamento alla seconda potenza}{section.3.6}% 30
\BOOKMARK [2][]{subsection.3.6.2}{Media mobile di ordine 3}{section.3.6}% 31
\BOOKMARK [2][]{subsection.3.6.3}{Algoritmo PCA}{section.3.6}% 32
\BOOKMARK [0][]{chapter.4}{Logica di simulazione}{}% 33
\BOOKMARK [1][]{section.4.1}{Algoritmo di rilevazione a media semplice}{chapter.4}% 34
\BOOKMARK [1][]{section.4.2}{Algoritmo di rilevazione a media quadratica}{chapter.4}% 35
\BOOKMARK [1][]{section.4.3}{Logica di simulazione}{chapter.4}% 36
\BOOKMARK [1][]{section.4.4}{Parametri di simulazione}{chapter.4}% 37
\BOOKMARK [1][]{section.4.5}{Forma degli impulsi e fase di campionamento}{chapter.4}% 38
\BOOKMARK [1][]{section.4.6}{Calcolo potenza di rumore per dato SNR}{chapter.4}% 39
\BOOKMARK [0][]{chapter.5}{Risultati}{}% 40
\BOOKMARK [1][]{section.5.1}{Algoritmo quadratico}{chapter.5}% 41
\BOOKMARK [1][]{section.5.2}{Algoritmo in media semplice}{chapter.5}% 42
\BOOKMARK [1][]{section.5.3}{Risultati: Distanza spettri}{chapter.5}% 43
\BOOKMARK [0][]{appendix.A}{Dimostrazioni}{}% 44
\BOOKMARK [1][]{section.A.1}{Spettri notevoli}{appendix.A}% 45
\BOOKMARK [2][]{subsection.A.1.1}{Finestra quadrata}{section.A.1}% 46
\BOOKMARK [0][]{appendix.B}{Codice sorgente}{}% 47
\BOOKMARK [1][]{section.B.1}{Trasformata discreta di Fourier simmetrica}{appendix.B}% 48
\BOOKMARK [1][]{section.B.2}{Implementazione del filtro}{appendix.B}% 49
\BOOKMARK [1][]{section.B.3}{Calcolo accuratezza}{appendix.B}% 50
